Traceback (most recent call last):
  File "/home/rooth/.local/lib/python3.10/site-packages/lockfile/pidlockfile.py", line 77, in acquire
    write_pid_to_pidfile(self.path)
  File "/home/rooth/.local/lib/python3.10/site-packages/lockfile/pidlockfile.py", line 161, in write_pid_to_pidfile
    pidfile_fd = os.open(pidfile_path, open_flags, open_mode)
FileExistsError: [Errno 17] File exists: '/home/rooth/airflow/airflow-webserver-monitor.pid'

During handling of the above exception, another exception occurred:

Traceback (most recent call last):
  File "/home/rooth/.local/bin/airflow", line 8, in <module>
    sys.exit(main())
  File "/home/rooth/.local/lib/python3.10/site-packages/airflow/__main__.py", line 59, in main
    args.func(args)
  File "/home/rooth/.local/lib/python3.10/site-packages/airflow/cli/cli_config.py", line 49, in command
    return func(*args, **kwargs)
  File "/home/rooth/.local/lib/python3.10/site-packages/airflow/utils/cli.py", line 113, in wrapper
    return f(*args, **kwargs)
  File "/home/rooth/.local/lib/python3.10/site-packages/airflow/utils/providers_configuration_loader.py", line 55, in wrapped_function
    return func(*args, **kwargs)
  File "/home/rooth/.local/lib/python3.10/site-packages/airflow/cli/commands/webserver_command.py", line 489, in webserver
    with ctx:
  File "/home/rooth/.local/lib/python3.10/site-packages/daemon/daemon.py", line 365, in __enter__
    self.open()
  File "/home/rooth/.local/lib/python3.10/site-packages/daemon/daemon.py", line 357, in open
    self.pidfile.__enter__()
  File "/home/rooth/.local/lib/python3.10/site-packages/lockfile/__init__.py", line 197, in __enter__
    self.acquire()
  File "/home/rooth/.local/lib/python3.10/site-packages/daemon/pidfile.py", line 49, in acquire
    super().acquire(timeout, *args, **kwargs)
  File "/home/rooth/.local/lib/python3.10/site-packages/lockfile/pidlockfile.py", line 87, in acquire
    raise AlreadyLocked("%s is already locked" %
lockfile.AlreadyLocked: /home/rooth/airflow/airflow-webserver-monitor.pid is already locked
